# JRE version: OpenJDK Runtime Environment (21.0.8) (build 21.0.8+-14196175-b1038.72)
# Java VM: OpenJDK 64-Bit Server VM (21.0.8+-14196175-b1038.72, mixed mode, tiered, compressed oops, compressed class ptrs, g1 gc, windows-amd64)
GC Precious Log:
 CardTable entry size: 512
 Card Set container configuration: InlinePtr #cards 5 size 8 Array Of Cards #cards 12 size 40 Howl #buckets 4 coarsen threshold 1843 Howl Bitmap #cards 512 size 80 coarsen threshold 460 Card regions per heap region 1 cards per card region 2048
 CPUs: 16 total, 16 available
 Memory: 15554M
 Large Page Support: Disabled
 NUMA Support: Disabled
 Compressed Oops: Enabled (32-bit)
 Heap Region Size: 1M
 Heap Min Capacity: 8M
 Heap Initial Capacity: 244M
 Heap Max Capacity: 2G
 Pre-touch: Disabled
 Parallel Workers: 13
 Concurrent Workers: 3
 Concurrent Refinement Workers: 13
 Periodic GC: Disabled
Heap:
 garbage-first heap   total 107520K, used 82376K [0x0000000080000000, 0x0000000100000000)
  region size 1024K, 41 young (41984K), 4 survivors (4096K)
 Metaspace       used 70230K, committed 72128K, reserved 1114112K
  class space    used 10125K, committed 11008K, reserved 1048576K
GC Heap History (20 events):
Event: 2.318 GC heap before
{Heap before GC invocations=4 (full 0):
 garbage-first heap   total 71680K, used 70083K [0x0000000080000000, 0x0000000100000000)
  region size 1024K, 60 young (61440K), 13 survivors (13312K)
 Metaspace       used 29439K, committed 29888K, reserved 1114112K
  class space    used 3653K, committed 3840K, reserved 1048576K
}
Event: 2.326 GC heap after
{Heap after GC invocations=5 (full 0):
 garbage-first heap   total 89088K, used 23607K [0x0000000080000000, 0x0000000100000000)
  region size 1024K, 11 young (11264K), 11 survivors (11264K)
 Metaspace       used 29439K, committed 29888K, reserved 1114112K
  class space    used 3653K, committed 3840K, reserved 1048576K
}
Event: 2.887 GC heap before
{Heap before GC invocations=5 (full 0):
 garbage-first heap   total 89088K, used 62519K [0x0000000080000000, 0x0000000100000000)
  region size 1024K, 50 young (51200K), 11 survivors (11264K)
 Metaspace       used 34762K, committed 35328K, reserved 1114112K
  class space    used 4549K, committed 4800K, reserved 1048576K
}
Event: 2.891 GC heap after
{Heap after GC invocations=6 (full 0):
 garbage-first heap   total 89088K, used 26086K [0x0000000080000000, 0x0000000100000000)
  region size 1024K, 5 young (5120K), 5 survivors (5120K)
 Metaspace       used 34762K, committed 35328K, reserved 1114112K
  class space    used 4549K, committed 4800K, reserved 1048576K
}
Event: 2.939 GC heap before
{Heap before GC invocations=6 (full 0):
 garbage-first heap   total 89088K, used 30182K [0x0000000080000000, 0x0000000100000000)
  region size 1024K, 10 young (10240K), 5 survivors (5120K)
 Metaspace       used 35299K, committed 35968K, reserved 1114112K
  class space    used 4629K, committed 4992K, reserved 1048576K
}
Event: 2.941 GC heap after
{Heap after GC invocations=7 (full 0):
 garbage-first heap   total 89088K, used 26851K [0x0000000080000000, 0x0000000100000000)
  region size 1024K, 4 young (4096K), 4 survivors (4096K)
 Metaspace       used 35299K, committed 35968K, reserved 1114112K
  class space    used 4629K, committed 4992K, reserved 1048576K
}
Event: 3.396 GC heap before
{Heap before GC invocations=8 (full 0):
 garbage-first heap   total 89088K, used 69859K [0x0000000080000000, 0x0000000100000000)
  region size 1024K, 47 young (48128K), 4 survivors (4096K)
 Metaspace       used 41089K, committed 42176K, reserved 1114112K
  class space    used 5644K, committed 6144K, reserved 1048576K
}
Event: 3.398 GC heap after
{Heap after GC invocations=9 (full 0):
 garbage-first heap   total 89088K, used 28892K [0x0000000080000000, 0x0000000100000000)
  region size 1024K, 6 young (6144K), 6 survivors (6144K)
 Metaspace       used 41089K, committed 42176K, reserved 1114112K
  class space    used 5644K, committed 6144K, reserved 1048576K
}
Event: 3.913 GC heap before
{Heap before GC invocations=9 (full 0):
 garbage-first heap   total 89088K, used 71900K [0x0000000080000000, 0x0000000100000000)
  region size 1024K, 49 young (50176K), 6 survivors (6144K)
 Metaspace       used 47933K, committed 49216K, reserved 1114112K
  class space    used 6604K, committed 7232K, reserved 1048576K
}
Event: 3.917 GC heap after
{Heap after GC invocations=10 (full 0):
 garbage-first heap   total 89088K, used 32741K [0x0000000080000000, 0x0000000100000000)
  region size 1024K, 7 young (7168K), 7 survivors (7168K)
 Metaspace       used 47933K, committed 49216K, reserved 1114112K
  class space    used 6604K, committed 7232K, reserved 1048576K
}
Event: 4.402 GC heap before
{Heap before GC invocations=10 (full 0):
 garbage-first heap   total 89088K, used 74725K [0x0000000080000000, 0x0000000100000000)
  region size 1024K, 48 young (49152K), 7 survivors (7168K)
 Metaspace       used 53199K, committed 54656K, reserved 1114112K
  class space    used 7464K, committed 8128K, reserved 1048576K
}
Event: 4.405 GC heap after
{Heap after GC invocations=11 (full 0):
 garbage-first heap   total 89088K, used 35801K [0x0000000080000000, 0x0000000100000000)
  region size 1024K, 4 young (4096K), 4 survivors (4096K)
 Metaspace       used 53199K, committed 54656K, reserved 1114112K
  class space    used 7464K, committed 8128K, reserved 1048576K
}
Event: 4.998 GC heap before
{Heap before GC invocations=11 (full 0):
 garbage-first heap   total 89088K, used 76761K [0x0000000080000000, 0x0000000100000000)
  region size 1024K, 43 young (44032K), 4 survivors (4096K)
 Metaspace       used 56452K, committed 58112K, reserved 1114112K
  class space    used 7992K, committed 8768K, reserved 1048576K
}
Event: 5.000 GC heap after
{Heap after GC invocations=12 (full 0):
 garbage-first heap   total 89088K, used 41585K [0x0000000080000000, 0x0000000100000000)
  region size 1024K, 6 young (6144K), 6 survivors (6144K)
 Metaspace       used 56452K, committed 58112K, reserved 1114112K
  class space    used 7992K, committed 8768K, reserved 1048576K
}
Event: 5.239 GC heap before
{Heap before GC invocations=12 (full 0):
 garbage-first heap   total 89088K, used 77425K [0x0000000080000000, 0x0000000100000000)
  region size 1024K, 41 young (41984K), 6 survivors (6144K)
 Metaspace       used 58307K, committed 59968K, reserved 1114112K
  class space    used 8293K, committed 9088K, reserved 1048576K
}
Event: 5.241 GC heap after
{Heap after GC invocations=13 (full 0):
 garbage-first heap   total 89088K, used 43167K [0x0000000080000000, 0x0000000100000000)
  region size 1024K, 2 young (2048K), 2 survivors (2048K)
 Metaspace       used 58307K, committed 59968K, reserved 1114112K
  class space    used 8293K, committed 9088K, reserved 1048576K
}
Event: 5.260 GC heap before
{Heap before GC invocations=13 (full 0):
 garbage-first heap   total 89088K, used 44191K [0x0000000080000000, 0x0000000100000000)
  region size 1024K, 4 young (4096K), 2 survivors (2048K)
 Metaspace       used 58532K, committed 60160K, reserved 1114112K
  class space    used 8328K, committed 9088K, reserved 1048576K
}
Event: 5.262 GC heap after
{Heap after GC invocations=14 (full 0):
 garbage-first heap   total 107520K, used 42984K [0x0000000080000000, 0x0000000100000000)
  region size 1024K, 2 young (2048K), 2 survivors (2048K)
 Metaspace       used 58532K, committed 60160K, reserved 1114112K
  class space    used 8328K, committed 9088K, reserved 1048576K
}
Event: 5.923 GC heap before
{Heap before GC invocations=15 (full 0):
 garbage-first heap   total 107520K, used 96232K [0x0000000080000000, 0x0000000100000000)
  region size 1024K, 54 young (55296K), 2 survivors (2048K)
 Metaspace       used 65583K, committed 67328K, reserved 1114112K
  class space    used 9387K, committed 10176K, reserved 1048576K
}
Event: 5.926 GC heap after
{Heap after GC invocations=16 (full 0):
 garbage-first heap   total 107520K, used 45512K [0x0000000080000000, 0x0000000100000000)
  region size 1024K, 4 young (4096K), 4 survivors (4096K)
 Metaspace       used 65583K, committed 67328K, reserved 1114112K
  class space    used 9387K, committed 10176K, reserved 1048576K
}

