# JRE version: OpenJDK Runtime Environment (21.0.8) (build 21.0.8+-14196175-b1038.72)
# Java VM: OpenJDK 64-Bit Server VM (21.0.8+-14196175-b1038.72, mixed mode, tiered, compressed oops, compressed class ptrs, g1 gc, windows-amd64)
GC Precious Log:
 CardTable entry size: 512
 Card Set container configuration: InlinePtr #cards 5 size 8 Array Of Cards #cards 12 size 40 Howl #buckets 4 coarsen threshold 1843 Howl Bitmap #cards 512 size 80 coarsen threshold 460 Card regions per heap region 1 cards per card region 2048
 CPUs: 16 total, 16 available
 Memory: 15554M
 Large Page Support: Disabled
 NUMA Support: Disabled
 Compressed Oops: Enabled (32-bit)
 Heap Region Size: 1M
 Heap Min Capacity: 8M
 Heap Initial Capacity: 244M
 Heap Max Capacity: 2G
 Pre-touch: Disabled
 Parallel Workers: 13
 Concurrent Workers: 3
 Concurrent Refinement Workers: 13
 Periodic GC: Disabled
Heap:
 garbage-first heap   total 179200K, used 129105K [0x0000000080000000, 0x0000000100000000)
  region size 1024K, 20 young (20480K), 3 survivors (3072K)
 Metaspace       used 81748K, committed 83712K, reserved 1179648K
  class space    used 11574K, committed 12544K, reserved 1048576K
GC Heap History (20 events):
Event: 5.613 GC heap before
{Heap before GC invocations=18 (full 0):
 garbage-first heap   total 147456K, used 128778K [0x0000000080000000, 0x0000000100000000)
  region size 1024K, 54 young (55296K), 4 survivors (4096K)
 Metaspace       used 61392K, committed 62912K, reserved 1114112K
  class space    used 8799K, committed 9536K, reserved 1048576K
}
Event: 5.615 GC heap after
{Heap after GC invocations=19 (full 0):
 garbage-first heap   total 147456K, used 79652K [0x0000000080000000, 0x0000000100000000)
  region size 1024K, 4 young (4096K), 4 survivors (4096K)
 Metaspace       used 61392K, committed 62912K, reserved 1114112K
  class space    used 8799K, committed 9536K, reserved 1048576K
}
Event: 5.691 GC heap before
{Heap before GC invocations=20 (full 0):
 garbage-first heap   total 147456K, used 130852K [0x0000000080000000, 0x0000000100000000)
  region size 1024K, 54 young (55296K), 4 survivors (4096K)
 Metaspace       used 61395K, committed 62912K, reserved 1114112K
  class space    used 8799K, committed 9536K, reserved 1048576K
}
Event: 5.693 GC heap after
{Heap after GC invocations=21 (full 0):
 garbage-first heap   total 147456K, used 80934K [0x0000000080000000, 0x0000000100000000)
  region size 1024K, 6 young (6144K), 6 survivors (6144K)
 Metaspace       used 61395K, committed 62912K, reserved 1114112K
  class space    used 8799K, committed 9536K, reserved 1048576K
}
Event: 6.161 GC heap before
{Heap before GC invocations=21 (full 0):
 garbage-first heap   total 147456K, used 139302K [0x0000000080000000, 0x0000000100000000)
  region size 1024K, 56 young (57344K), 6 survivors (6144K)
 Metaspace       used 65053K, committed 66560K, reserved 1114112K
  class space    used 9199K, committed 9920K, reserved 1048576K
}
Event: 6.166 GC heap after
{Heap after GC invocations=22 (full 0):
 garbage-first heap   total 150528K, used 91612K [0x0000000080000000, 0x0000000100000000)
  region size 1024K, 7 young (7168K), 7 survivors (7168K)
 Metaspace       used 65053K, committed 66560K, reserved 1114112K
  class space    used 9199K, committed 9920K, reserved 1048576K
}
Event: 6.237 GC heap before
{Heap before GC invocations=22 (full 0):
 garbage-first heap   total 150528K, used 134620K [0x0000000080000000, 0x0000000100000000)
  region size 1024K, 49 young (50176K), 7 survivors (7168K)
 Metaspace       used 65090K, committed 66560K, reserved 1114112K
  class space    used 9199K, committed 9920K, reserved 1048576K
}
Event: 6.239 GC heap after
{Heap after GC invocations=23 (full 0):
 garbage-first heap   total 150528K, used 92888K [0x0000000080000000, 0x0000000100000000)
  region size 1024K, 2 young (2048K), 2 survivors (2048K)
 Metaspace       used 65090K, committed 66560K, reserved 1114112K
  class space    used 9199K, committed 9920K, reserved 1048576K
}
Event: 6.682 GC heap before
{Heap before GC invocations=24 (full 0):
 garbage-first heap   total 157696K, used 145112K [0x0000000080000000, 0x0000000100000000)
  region size 1024K, 46 young (47104K), 2 survivors (2048K)
 Metaspace       used 67162K, committed 68864K, reserved 1114112K
  class space    used 9462K, committed 10304K, reserved 1048576K
}
Event: 6.683 GC heap after
{Heap after GC invocations=25 (full 0):
 garbage-first heap   total 157696K, used 102137K [0x0000000080000000, 0x0000000100000000)
  region size 1024K, 4 young (4096K), 4 survivors (4096K)
 Metaspace       used 67162K, committed 68864K, reserved 1114112K
  class space    used 9462K, committed 10304K, reserved 1048576K
}
Event: 6.906 GC heap before
{Heap before GC invocations=25 (full 0):
 garbage-first heap   total 157696K, used 142073K [0x0000000080000000, 0x0000000100000000)
  region size 1024K, 44 young (45056K), 4 survivors (4096K)
 Metaspace       used 68880K, committed 70592K, reserved 1114112K
  class space    used 9759K, committed 10624K, reserved 1048576K
}
Event: 6.908 GC heap after
{Heap after GC invocations=26 (full 0):
 garbage-first heap   total 157696K, used 102661K [0x0000000080000000, 0x0000000100000000)
  region size 1024K, 5 young (5120K), 5 survivors (5120K)
 Metaspace       used 68880K, committed 70592K, reserved 1114112K
  class space    used 9759K, committed 10624K, reserved 1048576K
}
Event: 7.324 GC heap before
{Heap before GC invocations=26 (full 0):
 garbage-first heap   total 157696K, used 141573K [0x0000000080000000, 0x0000000100000000)
  region size 1024K, 43 young (44032K), 5 survivors (5120K)
 Metaspace       used 73684K, committed 75456K, reserved 1114112K
  class space    used 10436K, committed 11264K, reserved 1048576K
}
Event: 7.327 GC heap after
{Heap after GC invocations=27 (full 0):
 garbage-first heap   total 157696K, used 104307K [0x0000000080000000, 0x0000000100000000)
  region size 1024K, 3 young (3072K), 3 survivors (3072K)
 Metaspace       used 73684K, committed 75456K, reserved 1114112K
  class space    used 10436K, committed 11264K, reserved 1048576K
}
Event: 9.848 GC heap before
{Heap before GC invocations=28 (full 0):
 garbage-first heap   total 176128K, used 143219K [0x0000000080000000, 0x0000000100000000)
  region size 1024K, 41 young (41984K), 3 survivors (3072K)
 Metaspace       used 78690K, committed 80576K, reserved 1179648K
  class space    used 11232K, committed 12160K, reserved 1048576K
}
Event: 9.850 GC heap after
{Heap after GC invocations=29 (full 0):
 garbage-first heap   total 176128K, used 106002K [0x0000000080000000, 0x0000000100000000)
  region size 1024K, 5 young (5120K), 5 survivors (5120K)
 Metaspace       used 78690K, committed 80576K, reserved 1179648K
  class space    used 11232K, committed 12160K, reserved 1048576K
}
Event: 10.852 GC heap before
{Heap before GC invocations=29 (full 0):
 garbage-first heap   total 176128K, used 158226K [0x0000000080000000, 0x0000000100000000)
  region size 1024K, 57 young (58368K), 5 survivors (5120K)
 Metaspace       used 81434K, committed 83392K, reserved 1179648K
  class space    used 11583K, committed 12544K, reserved 1048576K
}
Event: 10.856 GC heap after
{Heap after GC invocations=30 (full 0):
 garbage-first heap   total 176128K, used 110500K [0x0000000080000000, 0x0000000100000000)
  region size 1024K, 8 young (8192K), 8 survivors (8192K)
 Metaspace       used 81434K, committed 83392K, reserved 1179648K
  class space    used 11583K, committed 12544K, reserved 1048576K
}
Event: 12.012 GC heap before
{Heap before GC invocations=30 (full 0):
 garbage-first heap   total 176128K, used 156580K [0x0000000080000000, 0x0000000100000000)
  region size 1024K, 54 young (55296K), 8 survivors (8192K)
 Metaspace       used 81787K, committed 83712K, reserved 1179648K
  class space    used 11584K, committed 12544K, reserved 1048576K
}
Event: 12.015 GC heap after
{Heap after GC invocations=31 (full 0):
 garbage-first heap   total 176128K, used 113745K [0x0000000080000000, 0x0000000100000000)
  region size 1024K, 3 young (3072K), 3 survivors (3072K)
 Metaspace       used 81787K, committed 83712K, reserved 1179648K
  class space    used 11584K, committed 12544K, reserved 1048576K
}

