# JRE version: OpenJDK Runtime Environment (21.0.8) (build 21.0.8+-14196175-b1038.72)
# Java VM: OpenJDK 64-Bit Server VM (21.0.8+-14196175-b1038.72, mixed mode, tiered, compressed oops, compressed class ptrs, g1 gc, windows-amd64)
GC Precious Log:
 CardTable entry size: 512
 Card Set container configuration: InlinePtr #cards 5 size 8 Array Of Cards #cards 12 size 40 Howl #buckets 4 coarsen threshold 1843 Howl Bitmap #cards 512 size 80 coarsen threshold 460 Card regions per heap region 1 cards per card region 2048
 CPUs: 16 total, 16 available
 Memory: 15554M
 Large Page Support: Disabled
 NUMA Support: Disabled
 Compressed Oops: Enabled (32-bit)
 Heap Region Size: 1M
 Heap Min Capacity: 8M
 Heap Initial Capacity: 244M
 Heap Max Capacity: 2G
 Pre-touch: Disabled
 Parallel Workers: 13
 Concurrent Workers: 3
 Concurrent Refinement Workers: 13
 Periodic GC: Disabled
Heap:
 garbage-first heap   total 220160K, used 193356K [0x0000000080000000, 0x0000000100000000)
  region size 1024K, 63 young (64512K), 8 survivors (8192K)
 Metaspace       used 128204K, committed 130624K, reserved 1179648K
  class space    used 17831K, committed 19008K, reserved 1048576K
GC Heap History (20 events):
Event: 14.026 GC heap after
{Heap after GC invocations=33 (full 0):
 garbage-first heap   total 153600K, used 92129K [0x0000000080000000, 0x0000000100000000)
  region size 1024K, 4 young (4096K), 4 survivors (4096K)
 Metaspace       used 106725K, committed 108928K, reserved 1179648K
  class space    used 15018K, committed 16064K, reserved 1048576K
}
Event: 14.575 GC heap before
{Heap before GC invocations=33 (full 0):
 garbage-first heap   total 153600K, used 140257K [0x0000000080000000, 0x0000000100000000)
  region size 1024K, 51 young (52224K), 4 survivors (4096K)
 Metaspace       used 110494K, committed 112704K, reserved 1179648K
  class space    used 15573K, committed 16640K, reserved 1048576K
}
Event: 14.578 GC heap after
{Heap after GC invocations=34 (full 0):
 garbage-first heap   total 153600K, used 94400K [0x0000000080000000, 0x0000000100000000)
  region size 1024K, 6 young (6144K), 6 survivors (6144K)
 Metaspace       used 110494K, committed 112704K, reserved 1179648K
  class space    used 15573K, committed 16640K, reserved 1048576K
}
Event: 15.025 GC heap before
{Heap before GC invocations=34 (full 0):
 garbage-first heap   total 153600K, used 138432K [0x0000000080000000, 0x0000000100000000)
  region size 1024K, 49 young (50176K), 6 survivors (6144K)
 Metaspace       used 113779K, committed 116032K, reserved 1179648K
  class space    used 16087K, committed 17152K, reserved 1048576K
}
Event: 15.028 GC heap after
{Heap after GC invocations=35 (full 0):
 garbage-first heap   total 153600K, used 96339K [0x0000000080000000, 0x0000000100000000)
  region size 1024K, 5 young (5120K), 5 survivors (5120K)
 Metaspace       used 113779K, committed 116032K, reserved 1179648K
  class space    used 16087K, committed 17152K, reserved 1048576K
}
Event: 15.535 GC heap before
{Heap before GC invocations=36 (full 0):
 garbage-first heap   total 162816K, used 138323K [0x0000000080000000, 0x0000000100000000)
  region size 1024K, 46 young (47104K), 5 survivors (5120K)
 Metaspace       used 117106K, committed 119424K, reserved 1179648K
  class space    used 16535K, committed 17600K, reserved 1048576K
}
Event: 15.538 GC heap after
{Heap after GC invocations=37 (full 0):
 garbage-first heap   total 162816K, used 99209K [0x0000000080000000, 0x0000000100000000)
  region size 1024K, 5 young (5120K), 5 survivors (5120K)
 Metaspace       used 117106K, committed 119424K, reserved 1179648K
  class space    used 16535K, committed 17600K, reserved 1048576K
}
Event: 15.940 GC heap before
{Heap before GC invocations=37 (full 0):
 garbage-first heap   total 162816K, used 147337K [0x0000000080000000, 0x0000000100000000)
  region size 1024K, 52 young (53248K), 5 survivors (5120K)
 Metaspace       used 117883K, committed 120192K, reserved 1179648K
  class space    used 16630K, committed 17728K, reserved 1048576K
}
Event: 15.944 GC heap after
{Heap after GC invocations=38 (full 0):
 garbage-first heap   total 162816K, used 106383K [0x0000000080000000, 0x0000000100000000)
  region size 1024K, 7 young (7168K), 7 survivors (7168K)
 Metaspace       used 117883K, committed 120192K, reserved 1179648K
  class space    used 16630K, committed 17728K, reserved 1048576K
}
Event: 16.220 GC heap before
{Heap before GC invocations=38 (full 0):
 garbage-first heap   total 162816K, used 133007K [0x0000000080000000, 0x0000000100000000)
  region size 1024K, 35 young (35840K), 7 survivors (7168K)
 Metaspace       used 119313K, committed 121664K, reserved 1179648K
  class space    used 16725K, committed 17856K, reserved 1048576K
}
Event: 16.224 GC heap after
{Heap after GC invocations=39 (full 0):
 garbage-first heap   total 162816K, used 113365K [0x0000000080000000, 0x0000000100000000)
  region size 1024K, 6 young (6144K), 6 survivors (6144K)
 Metaspace       used 119313K, committed 121664K, reserved 1179648K
  class space    used 16725K, committed 17856K, reserved 1048576K
}
Event: 16.711 GC heap before
{Heap before GC invocations=40 (full 0):
 garbage-first heap   total 198656K, used 149205K [0x0000000080000000, 0x0000000100000000)
  region size 1024K, 37 young (37888K), 6 survivors (6144K)
 Metaspace       used 124009K, committed 126400K, reserved 1179648K
  class space    used 17358K, committed 18496K, reserved 1048576K
}
Event: 16.714 GC heap after
{Heap after GC invocations=41 (full 0):
 garbage-first heap   total 198656K, used 115375K [0x0000000080000000, 0x0000000100000000)
  region size 1024K, 3 young (3072K), 3 survivors (3072K)
 Metaspace       used 124009K, committed 126400K, reserved 1179648K
  class space    used 17358K, committed 18496K, reserved 1048576K
}
Event: 17.450 GC heap before
{Heap before GC invocations=41 (full 0):
 garbage-first heap   total 198656K, used 174767K [0x0000000080000000, 0x0000000100000000)
  region size 1024K, 62 young (63488K), 3 survivors (3072K)
 Metaspace       used 125932K, committed 128256K, reserved 1179648K
  class space    used 17567K, committed 18688K, reserved 1048576K
}
Event: 17.453 GC heap after
{Heap after GC invocations=42 (full 0):
 garbage-first heap   total 198656K, used 119844K [0x0000000080000000, 0x0000000100000000)
  region size 1024K, 7 young (7168K), 7 survivors (7168K)
 Metaspace       used 125932K, committed 128256K, reserved 1179648K
  class space    used 17567K, committed 18688K, reserved 1048576K
}
Event: 17.758 GC heap before
{Heap before GC invocations=42 (full 0):
 garbage-first heap   total 198656K, used 177188K [0x0000000080000000, 0x0000000100000000)
  region size 1024K, 64 young (65536K), 7 survivors (7168K)
 Metaspace       used 126820K, committed 129152K, reserved 1179648K
  class space    used 17665K, committed 18752K, reserved 1048576K
}
Event: 17.764 GC heap after
{Heap after GC invocations=43 (full 0):
 garbage-first heap   total 198656K, used 123093K [0x0000000080000000, 0x0000000100000000)
  region size 1024K, 4 young (4096K), 4 survivors (4096K)
 Metaspace       used 126820K, committed 129152K, reserved 1179648K
  class space    used 17665K, committed 18752K, reserved 1048576K
}
Event: 20.461 GC heap before
{Heap before GC invocations=44 (full 0):
 garbage-first heap   total 206848K, used 183509K [0x0000000080000000, 0x0000000100000000)
  region size 1024K, 61 young (62464K), 4 survivors (4096K)
 Metaspace       used 127876K, committed 130304K, reserved 1179648K
  class space    used 17822K, committed 19008K, reserved 1048576K
}
Event: 20.464 GC heap after
{Heap after GC invocations=45 (full 0):
 garbage-first heap   total 206848K, used 129868K [0x0000000080000000, 0x0000000100000000)
  region size 1024K, 8 young (8192K), 8 survivors (8192K)
 Metaspace       used 127876K, committed 130304K, reserved 1179648K
  class space    used 17822K, committed 19008K, reserved 1048576K
}
Event: 20.962 GC heap before
{Heap before GC invocations=45 (full 0):
 garbage-first heap   total 206848K, used 192332K [0x0000000080000000, 0x0000000100000000)
  region size 1024K, 63 young (64512K), 8 survivors (8192K)
 Metaspace       used 128204K, committed 130624K, reserved 1179648K
  class space    used 17831K, committed 19008K, reserved 1048576K
}

