# JRE version: OpenJDK Runtime Environment (21.0.8) (build 21.0.8+-14196175-b1038.72)
# Java VM: OpenJDK 64-Bit Server VM (21.0.8+-14196175-b1038.72, mixed mode, tiered, compressed oops, compressed class ptrs, g1 gc, windows-amd64)
GC Precious Log:
 CardTable entry size: 512
 Card Set container configuration: InlinePtr #cards 5 size 8 Array Of Cards #cards 12 size 40 Howl #buckets 4 coarsen threshold 1843 Howl Bitmap #cards 512 size 80 coarsen threshold 460 Card regions per heap region 1 cards per card region 2048
 CPUs: 16 total, 16 available
 Memory: 15554M
 Large Page Support: Disabled
 NUMA Support: Disabled
 Compressed Oops: Enabled (32-bit)
 Heap Region Size: 1M
 Heap Min Capacity: 8M
 Heap Initial Capacity: 244M
 Heap Max Capacity: 2G
 Pre-touch: Disabled
 Parallel Workers: 13
 Concurrent Workers: 3
 Concurrent Refinement Workers: 13
 Periodic GC: Disabled
Heap:
 garbage-first heap   total 165888K, used 124129K [0x0000000080000000, 0x0000000100000000)
  region size 1024K, 38 young (38912K), 5 survivors (5120K)
 Metaspace       used 106414K, committed 108736K, reserved 1179648K
  class space    used 15075K, committed 16192K, reserved 1048576K
GC Heap History (20 events):
Event: 7.348 GC heap before
{Heap before GC invocations=21 (full 0):
 garbage-first heap   total 115712K, used 101948K [0x0000000080000000, 0x0000000100000000)
  region size 1024K, 39 young (39936K), 6 survivors (6144K)
 Metaspace       used 74433K, committed 76416K, reserved 1114112K
  class space    used 10553K, committed 11520K, reserved 1048576K
}
Event: 7.350 GC heap after
{Heap after GC invocations=22 (full 0):
 garbage-first heap   total 115712K, used 71704K [0x0000000080000000, 0x0000000100000000)
  region size 1024K, 3 young (3072K), 3 survivors (3072K)
 Metaspace       used 74433K, committed 76416K, reserved 1114112K
  class space    used 10553K, committed 11520K, reserved 1048576K
}
Event: 7.652 GC heap before
{Heap before GC invocations=22 (full 0):
 garbage-first heap   total 115712K, used 104472K [0x0000000080000000, 0x0000000100000000)
  region size 1024K, 35 young (35840K), 3 survivors (3072K)
 Metaspace       used 77827K, committed 79744K, reserved 1179648K
  class space    used 10912K, committed 11840K, reserved 1048576K
}
Event: 7.654 GC heap after
{Heap after GC invocations=23 (full 0):
 garbage-first heap   total 115712K, used 71908K [0x0000000080000000, 0x0000000100000000)
  region size 1024K, 3 young (3072K), 3 survivors (3072K)
 Metaspace       used 77827K, committed 79744K, reserved 1179648K
  class space    used 10912K, committed 11840K, reserved 1048576K
}
Event: 8.013 GC heap before
{Heap before GC invocations=24 (full 0):
 garbage-first heap   total 121856K, used 106724K [0x0000000080000000, 0x0000000100000000)
  region size 1024K, 35 young (35840K), 3 survivors (3072K)
 Metaspace       used 81260K, committed 83328K, reserved 1179648K
  class space    used 11386K, committed 12416K, reserved 1048576K
}
Event: 8.015 GC heap after
{Heap after GC invocations=25 (full 0):
 garbage-first heap   total 121856K, used 75561K [0x0000000080000000, 0x0000000100000000)
  region size 1024K, 5 young (5120K), 5 survivors (5120K)
 Metaspace       used 81260K, committed 83328K, reserved 1179648K
  class space    used 11386K, committed 12416K, reserved 1048576K
}
Event: 8.389 GC heap before
{Heap before GC invocations=25 (full 0):
 garbage-first heap   total 121856K, used 108329K [0x0000000080000000, 0x0000000100000000)
  region size 1024K, 37 young (37888K), 5 survivors (5120K)
 Metaspace       used 84882K, committed 86976K, reserved 1179648K
  class space    used 11856K, committed 12864K, reserved 1048576K
}
Event: 8.393 GC heap after
{Heap after GC invocations=26 (full 0):
 garbage-first heap   total 121856K, used 76255K [0x0000000080000000, 0x0000000100000000)
  region size 1024K, 4 young (4096K), 4 survivors (4096K)
 Metaspace       used 84882K, committed 86976K, reserved 1179648K
  class space    used 11856K, committed 12864K, reserved 1048576K
}
Event: 8.731 GC heap before
{Heap before GC invocations=26 (full 0):
 garbage-first heap   total 121856K, used 103903K [0x0000000080000000, 0x0000000100000000)
  region size 1024K, 32 young (32768K), 4 survivors (4096K)
 Metaspace       used 87670K, committed 89664K, reserved 1179648K
  class space    used 12221K, committed 13184K, reserved 1048576K
}
Event: 8.733 GC heap after
{Heap after GC invocations=27 (full 0):
 garbage-first heap   total 121856K, used 78689K [0x0000000080000000, 0x0000000100000000)
  region size 1024K, 4 young (4096K), 4 survivors (4096K)
 Metaspace       used 87670K, committed 89664K, reserved 1179648K
  class space    used 12221K, committed 13184K, reserved 1048576K
}
Event: 8.917 GC heap before
{Heap before GC invocations=28 (full 0):
 garbage-first heap   total 138240K, used 114529K [0x0000000080000000, 0x0000000100000000)
  region size 1024K, 34 young (34816K), 4 survivors (4096K)
 Metaspace       used 89045K, committed 91072K, reserved 1179648K
  class space    used 12419K, committed 13376K, reserved 1048576K
}
Event: 8.920 GC heap after
{Heap after GC invocations=29 (full 0):
 garbage-first heap   total 138240K, used 82472K [0x0000000080000000, 0x0000000100000000)
  region size 1024K, 5 young (5120K), 5 survivors (5120K)
 Metaspace       used 89045K, committed 91072K, reserved 1179648K
  class space    used 12419K, committed 13376K, reserved 1048576K
}
Event: 9.321 GC heap before
{Heap before GC invocations=29 (full 0):
 garbage-first heap   total 138240K, used 121384K [0x0000000080000000, 0x0000000100000000)
  region size 1024K, 43 young (44032K), 5 survivors (5120K)
 Metaspace       used 91874K, committed 93952K, reserved 1179648K
  class space    used 12772K, committed 13760K, reserved 1048576K
}
Event: 9.324 GC heap after
{Heap after GC invocations=30 (full 0):
 garbage-first heap   total 165888K, used 84400K [0x0000000080000000, 0x0000000100000000)
  region size 1024K, 3 young (3072K), 3 survivors (3072K)
 Metaspace       used 91874K, committed 93952K, reserved 1179648K
  class space    used 12772K, committed 13760K, reserved 1048576K
}
Event: 9.805 GC heap before
{Heap before GC invocations=30 (full 0):
 garbage-first heap   total 165888K, used 138672K [0x0000000080000000, 0x0000000100000000)
  region size 1024K, 56 young (57344K), 3 survivors (3072K)
 Metaspace       used 95649K, committed 97792K, reserved 1179648K
  class space    used 13292K, committed 14336K, reserved 1048576K
}
Event: 9.807 GC heap after
{Heap after GC invocations=31 (full 0):
 garbage-first heap   total 165888K, used 86785K [0x0000000080000000, 0x0000000100000000)
  region size 1024K, 5 young (5120K), 5 survivors (5120K)
 Metaspace       used 95649K, committed 97792K, reserved 1179648K
  class space    used 13292K, committed 14336K, reserved 1048576K
}
Event: 10.370 GC heap before
{Heap before GC invocations=31 (full 0):
 garbage-first heap   total 165888K, used 143105K [0x0000000080000000, 0x0000000100000000)
  region size 1024K, 60 young (61440K), 5 survivors (5120K)
 Metaspace       used 99924K, committed 102080K, reserved 1179648K
  class space    used 14047K, committed 15104K, reserved 1048576K
}
Event: 10.372 GC heap after
{Heap after GC invocations=32 (full 0):
 garbage-first heap   total 165888K, used 88410K [0x0000000080000000, 0x0000000100000000)
  region size 1024K, 5 young (5120K), 5 survivors (5120K)
 Metaspace       used 99924K, committed 102080K, reserved 1179648K
  class space    used 14047K, committed 15104K, reserved 1048576K
}
Event: 10.960 GC heap before
{Heap before GC invocations=32 (full 0):
 garbage-first heap   total 165888K, used 145754K [0x0000000080000000, 0x0000000100000000)
  region size 1024K, 61 young (62464K), 5 survivors (5120K)
 Metaspace       used 104511K, committed 106752K, reserved 1179648K
  class space    used 14738K, committed 15872K, reserved 1048576K
}
Event: 10.964 GC heap after
{Heap after GC invocations=33 (full 0):
 garbage-first heap   total 165888K, used 91361K [0x0000000080000000, 0x0000000100000000)
  region size 1024K, 5 young (5120K), 5 survivors (5120K)
 Metaspace       used 104511K, committed 106752K, reserved 1179648K
  class space    used 14738K, committed 15872K, reserved 1048576K
}

